2019-01-30 22:23:40,425 - b4c1a651-78a7-4f47-b446-e9615973811d - research_ml_email_mkt - <ipython-input-1-79258fd411e3> - INFO - Starting optimization...
2019-01-30 22:23:43,135 - b4c1a651-78a7-4f47-b446-e9615973811d - research_ml_email_mkt - <ipython-input-1-79258fd411e3> - INFO - new best:0.7405096074162053 using: knn
2019-01-30 22:23:43,138 - b4c1a651-78a7-4f47-b446-e9615973811d - research_ml_email_mkt - <ipython-input-1-79258fd411e3> - INFO - iters: 1, acc: 0.7405096074162053 using: {'n_neighbors': 8, 'type': 'knn'}
new best: 0.7747724331641958 using randomforest
iters: 1 , acc: 0.7747724331641958 using {'class_weight': 'balanced', 'criterion': 'entropy', 'max_depth': 16, 'max_features': 3, 'n_estimators': 6, 'type': 'randomforest'}
iters: 2 , acc: 0.7191018487756069 using {'n_neighbors': 47, 'type': 'knn'}
iters: 3 , acc: 0.7175014929920321 using {'n_neighbors': 48, 'type': 'knn'}
iters: 4 , acc: 0.7025734454145552 using {'class_weight': 'balanced', 'criterion': 'gini', 'max_depth': 4, 'max_features': 4, 'n_estimators': 11, 'type': 'randomforest'}
iters: 5 , acc: 0.7251882783075537 using {'C': 3.605306109370191, 'gamma': 18.084352949048697, 'kernel': 'rbf', 'type': 'svm'}
iters: 6 , acc: 0.7202821580260768 using {'alpha': 1.601279749162173, 'type': 'naive_bayes'}
iters: 7 , acc: 0.7202821580260768 using {'alpha': 1.3333200597923967, 'type': 'naive_bayes'}
iters: 8 , acc: 0.77325101368368 using {'class_weight': 'balanced', 'criterion': 'entropy', 'max_depth': 14, 'max_features': 1, 'n_estimators': 17, 'type': 'randomforest'}
iters: 9 , acc: 0.7385943612571505 using {'n_neighbors': 10, 'type': 'knn'}
iters: 10 , acc: 0.7584544949814133 using {'class_weight': 'balanced', 'criterion': 'gini', 'max_depth': 15, 'max_features': 4, 'n_estimators': 5, 'type': 'randomforest'}
iters: 11 , acc: 0.7480387059298832 using {'class_weight': 'balanced', 'criterion': 'gini', 'max_depth': 12, 'max_features': 3, 'n_estimators': 12, 'type': 'randomforest'}
iters: 12 , acc: 0.7202821580260768 using {'alpha': 1.9354836653285903, 'type': 'naive_bayes'}
iters: 13 , acc: 0.7202821580260768 using {'alpha': 0.4785565013550146, 'type': 'naive_bayes'}
new best: 0.7855287501753859 using svm
iters: 14 , acc: 0.7855287501753859 using {'C': 2.3103921744808287, 'gamma': 0.38201095179912326, 'kernel': 'rbf', 'type': 'svm'}
iters: 15 , acc: 0.7360758185498207 using {'n_neighbors': 11, 'type': 'knn'}
iters: 16 , acc: 0.7049084738375765 using {'C': 6.321003991679181, 'gamma': 19.64545213339008, 'kernel': 'linear', 'type': 'svm'}
iters: 17 , acc: 0.729543339413557 using {'n_neighbors': 20, 'type': 'knn'}
iters: 18 , acc: 0.7202821580260768 using {'alpha': 1.261426666989051, 'type': 'naive_bayes'}
iters: 19 , acc: 0.7279430269954287 using {'n_neighbors': 21, 'type': 'knn'}
iters: 20 , acc: 0.7059053492814803 using {'C': 9.008982398010541, 'gamma': 19.985463852286898, 'kernel': 'linear', 'type': 'svm'}
iters: 21 , acc: 0.7365743698399555 using {'C': 0.8674871596756959, 'gamma': 1.5595039688218506, 'kernel': 'rbf', 'type': 'svm'}
iters: 22 , acc: 0.778891385362833 using {'C': 1.035348872776853, 'gamma': 0.3200415834033552, 'kernel': 'rbf', 'type': 'svm'}
iters: 23 , acc: 0.7166881463243135 using {'C': 0.3990858898391272, 'gamma': 0.9519636336677113, 'kernel': 'rbf', 'type': 'svm'}