2019-01-30 22:23:40,425 - b4c1a651-78a7-4f47-b446-e9615973811d - research_ml_email_mkt - <ipython-input-1-79258fd411e3> - INFO - Starting optimization...
2019-01-30 22:23:43,135 - b4c1a651-78a7-4f47-b446-e9615973811d - research_ml_email_mkt - <ipython-input-1-79258fd411e3> - INFO - new best:0.7405096074162053 using: knn
2019-01-30 22:23:43,138 - b4c1a651-78a7-4f47-b446-e9615973811d - research_ml_email_mkt - <ipython-input-1-79258fd411e3> - INFO - iters: 1, acc: 0.7405096074162053 using: {'n_neighbors': 8, 'type': 'knn'}
2019-01-31 23:37:52,163 - bd40e828-4824-49fc-a614-e44b6cbb5402 - research_ml_email_mkt - bayes_optimization - INFO - Starting optimization...
2019-01-31 23:40:02,800 - 005e82c6-f95e-4206-92f0-e67a5a7da183 - research_ml_email_mkt - bayes_optimization - INFO - Starting optimization...
2019-01-31 23:40:11,926 - 005e82c6-f95e-4206-92f0-e67a5a7da183 - research_ml_email_mkt - bayes_optimization - INFO - new best:0.7252408708553285 using: knn
2019-01-31 23:40:11,927 - 005e82c6-f95e-4206-92f0-e67a5a7da183 - research_ml_email_mkt - bayes_optimization - INFO - iters: 1, acc: 0.7252408708553285 using: {'n_neighbors': 26, 'type': 'knn'}
2019-01-31 23:40:16,061 - 005e82c6-f95e-4206-92f0-e67a5a7da183 - research_ml_email_mkt - bayes_optimization - INFO - new best:0.7951833824354883 using: randomforest
2019-01-31 23:40:16,061 - 005e82c6-f95e-4206-92f0-e67a5a7da183 - research_ml_email_mkt - bayes_optimization - INFO - iters: 2, acc: 0.7951833824354883 using: {'class_weight': 'balanced', 'criterion': 'entropy', 'max_depth': 18, 'max_features': 4, 'n_estimators': 12, 'type': 'randomforest'}
2019-01-31 23:40:19,985 - 005e82c6-f95e-4206-92f0-e67a5a7da183 - research_ml_email_mkt - bayes_optimization - INFO - iters: 3, acc: 0.7361548064785038 using: {'n_neighbors': 12, 'type': 'knn'}
2019-01-31 23:40:23,708 - 005e82c6-f95e-4206-92f0-e67a5a7da183 - research_ml_email_mkt - bayes_optimization - INFO - iters: 4, acc: 0.7204396796097366 using: {'alpha': 0.37201984011594114, 'type': 'naive_bayes'}
2019-01-31 23:40:24,069 - 005e82c6-f95e-4206-92f0-e67a5a7da183 - research_ml_email_mkt - bayes_optimization - INFO - iters: 5, acc: 0.745022239673761 using: {'n_neighbors': 6, 'type': 'knn'}
2019-01-31 23:42:26,642 - 005e82c6-f95e-4206-92f0-e67a5a7da183 - research_ml_email_mkt - bayes_optimization - INFO - iters: 6, acc: 0.7298318488551517 using: {'C': 9.000182268385773, 'gamma': 8.370386319895339, 'kernel': 'rbf', 'type': 'svm'}
2019-01-31 23:42:26,840 - 005e82c6-f95e-4206-92f0-e67a5a7da183 - research_ml_email_mkt - bayes_optimization - INFO - iters: 7, acc: 0.6557451235301595 using: {'class_weight': 'balanced', 'criterion': 'gini', 'max_depth': 4, 'max_features': 3, 'n_estimators': 2, 'type': 'randomforest'}
2019-01-31 23:42:26,954 - 005e82c6-f95e-4206-92f0-e67a5a7da183 - research_ml_email_mkt - bayes_optimization - INFO - iters: 8, acc: 0.7204396796097366 using: {'alpha': 0.09408320933047887, 'type': 'naive_bayes'}
2019-01-31 23:42:27,283 - 005e82c6-f95e-4206-92f0-e67a5a7da183 - research_ml_email_mkt - bayes_optimization - INFO - iters: 9, acc: 0.7240863086417583 using: {'class_weight': 'balanced', 'criterion': 'entropy', 'max_depth': 11, 'max_features': 4, 'n_estimators': 5, 'type': 'randomforest'}
2019-01-31 23:42:27,410 - 005e82c6-f95e-4206-92f0-e67a5a7da183 - research_ml_email_mkt - bayes_optimization - INFO - iters: 10, acc: 0.7204396796097366 using: {'alpha': 0.4171124466365741, 'type': 'naive_bayes'}
2019-01-31 23:42:27,775 - 005e82c6-f95e-4206-92f0-e67a5a7da183 - research_ml_email_mkt - bayes_optimization - INFO - iters: 11, acc: 0.7331640066859819 using: {'n_neighbors': 15, 'type': 'knn'}
2019-01-31 23:42:28,201 - 005e82c6-f95e-4206-92f0-e67a5a7da183 - research_ml_email_mkt - bayes_optimization - INFO - iters: 12, acc: 0.728599042062604 using: {'n_neighbors': 22, 'type': 'knn'}
2019-01-31 23:42:28,607 - 005e82c6-f95e-4206-92f0-e67a5a7da183 - research_ml_email_mkt - bayes_optimization - INFO - iters: 13, acc: 0.7288089373168756 using: {'n_neighbors': 21, 'type': 'knn'}
2019-01-31 23:42:28,949 - 005e82c6-f95e-4206-92f0-e67a5a7da183 - research_ml_email_mkt - bayes_optimization - INFO - new best:0.7999842102615299 using: randomforest
2019-01-31 23:42:28,949 - 005e82c6-f95e-4206-92f0-e67a5a7da183 - research_ml_email_mkt - bayes_optimization - INFO - iters: 14, acc: 0.7999842102615299 using: {'class_weight': 'balanced', 'criterion': 'gini', 'max_depth': 19, 'max_features': 1, 'n_estimators': 11, 'type': 'randomforest'}
2019-01-31 23:42:29,245 - 005e82c6-f95e-4206-92f0-e67a5a7da183 - research_ml_email_mkt - bayes_optimization - INFO - iters: 15, acc: 0.7556472446203966 using: {'class_weight': 'balanced', 'criterion': 'entropy', 'max_depth': 15, 'max_features': 3, 'n_estimators': 4, 'type': 'randomforest'}
2019-01-31 23:42:29,380 - 005e82c6-f95e-4206-92f0-e67a5a7da183 - research_ml_email_mkt - bayes_optimization - INFO - iters: 16, acc: 0.7204396796097366 using: {'alpha': 0.845056613930196, 'type': 'naive_bayes'}
2019-01-31 23:42:29,507 - 005e82c6-f95e-4206-92f0-e67a5a7da183 - research_ml_email_mkt - bayes_optimization - INFO - iters: 17, acc: 0.7204396796097366 using: {'alpha': 0.3985692932479754, 'type': 'naive_bayes'}
2019-01-31 23:42:29,636 - 005e82c6-f95e-4206-92f0-e67a5a7da183 - research_ml_email_mkt - bayes_optimization - INFO - iters: 18, acc: 0.7204396796097366 using: {'alpha': 0.43504800745227223, 'type': 'naive_bayes'}
2019-01-31 23:44:26,098 - 005e82c6-f95e-4206-92f0-e67a5a7da183 - research_ml_email_mkt - bayes_optimization - INFO - iters: 19, acc: 0.7319044142342337 using: {'C': 8.237578206724894, 'gamma': 6.827322904694864, 'kernel': 'rbf', 'type': 'svm'}
2019-01-31 23:44:26,567 - 005e82c6-f95e-4206-92f0-e67a5a7da183 - research_ml_email_mkt - bayes_optimization - INFO - iters: 20, acc: 0.7652490613215721 using: {'class_weight': 'balanced', 'criterion': 'gini', 'max_depth': 14, 'max_features': 3, 'n_estimators': 12, 'type': 'randomforest'}
2019-01-31 23:44:26,886 - 005e82c6-f95e-4206-92f0-e67a5a7da183 - research_ml_email_mkt - bayes_optimization - INFO - new best:0.8023194699168781 using: randomforest
2019-01-31 23:44:26,886 - 005e82c6-f95e-4206-92f0-e67a5a7da183 - research_ml_email_mkt - bayes_optimization - INFO - iters: 21, acc: 0.8023194699168781 using: {'class_weight': 'balanced', 'criterion': 'gini', 'max_depth': 19, 'max_features': 1, 'n_estimators': 11, 'type': 'randomforest'}
2019-01-31 23:44:27,234 - 005e82c6-f95e-4206-92f0-e67a5a7da183 - research_ml_email_mkt - bayes_optimization - INFO - iters: 22, acc: 0.7986990112222333 using: {'class_weight': 'balanced', 'criterion': 'gini', 'max_depth': 19, 'max_features': 1, 'n_estimators': 11, 'type': 'randomforest'}
2019-01-31 23:44:27,681 - 005e82c6-f95e-4206-92f0-e67a5a7da183 - research_ml_email_mkt - bayes_optimization - INFO - iters: 23, acc: 0.8012436354334623 using: {'class_weight': 'balanced', 'criterion': 'gini', 'max_depth': 19, 'max_features': 1, 'n_estimators': 11, 'type': 'randomforest'}
2019-01-31 23:44:27,947 - 005e82c6-f95e-4206-92f0-e67a5a7da183 - research_ml_email_mkt - bayes_optimization - INFO - iters: 24, acc: 0.7032820819372027 using: {'class_weight': 'balanced', 'criterion': 'gini', 'max_depth': 7, 'max_features': 2, 'n_estimators': 7, 'type': 'randomforest'}
2019-01-31 23:44:28,165 - 005e82c6-f95e-4206-92f0-e67a5a7da183 - research_ml_email_mkt - bayes_optimization - INFO - iters: 25, acc: 0.6136145973386126 using: {'class_weight': 'balanced', 'criterion': 'gini', 'max_depth': 2, 'max_features': 1, 'n_estimators': 8, 'type': 'randomforest'}
2019-01-31 23:54:27,482 - 005e82c6-f95e-4206-92f0-e67a5a7da183 - research_ml_email_mkt - bayes_optimization - INFO - iters: 26, acc: 0.7080567704498009 using: {'C': 0.390169294651284, 'gamma': 18.97782280803229, 'kernel': 'linear', 'type': 'svm'}
2019-01-31 23:54:27,777 - 005e82c6-f95e-4206-92f0-e67a5a7da183 - research_ml_email_mkt - bayes_optimization - INFO - iters: 27, acc: 0.7242968047757055 using: {'class_weight': 'balanced', 'criterion': 'gini', 'max_depth': 10, 'max_features': 1, 'n_estimators': 9, 'type': 'randomforest'}
2019-01-31 23:54:27,967 - 005e82c6-f95e-4206-92f0-e67a5a7da183 - research_ml_email_mkt - bayes_optimization - INFO - iters: 28, acc: 0.7368103032395054 using: {'class_weight': 'balanced', 'criterion': 'gini', 'max_depth': 12, 'max_features': 1, 'n_estimators': 6, 'type': 'randomforest'}
2019-02-01 00:05:32,416 - 005e82c6-f95e-4206-92f0-e67a5a7da183 - research_ml_email_mkt - bayes_optimization - INFO - iters: 29, acc: 0.7084765464976698 using: {'C': 0.34702822639972997, 'gamma': 19.987797074177962, 'kernel': 'linear', 'type': 'svm'}
2019-02-01 00:05:32,801 - 005e82c6-f95e-4206-92f0-e67a5a7da183 - research_ml_email_mkt - bayes_optimization - INFO - iters: 30, acc: 0.720518293771708 using: {'class_weight': 'balanced', 'criterion': 'gini', 'max_depth': 9, 'max_features': 1, 'n_estimators': 13, 'type': 'randomforest'}
2019-02-01 00:05:33,099 - 005e82c6-f95e-4206-92f0-e67a5a7da183 - research_ml_email_mkt - bayes_optimization - INFO - iters: 31, acc: 0.8008239543795893 using: {'class_weight': 'balanced', 'criterion': 'gini', 'max_depth': 19, 'max_features': 2, 'n_estimators': 11, 'type': 'randomforest'}
2019-02-01 00:05:33,417 - 005e82c6-f95e-4206-92f0-e67a5a7da183 - research_ml_email_mkt - bayes_optimization - INFO - iters: 32, acc: 0.8003516208833638 using: {'class_weight': 'balanced', 'criterion': 'gini', 'max_depth': 17, 'max_features': 1, 'n_estimators': 17, 'type': 'randomforest'}
2019-02-01 00:05:33,579 - 005e82c6-f95e-4206-92f0-e67a5a7da183 - research_ml_email_mkt - bayes_optimization - INFO - iters: 33, acc: 0.6441483848157288 using: {'class_weight': 'balanced', 'criterion': 'gini', 'max_depth': 1, 'max_features': 1, 'n_estimators': 14, 'type': 'randomforest'}
2019-02-01 00:07:16,276 - 005e82c6-f95e-4206-92f0-e67a5a7da183 - research_ml_email_mkt - bayes_optimization - INFO - iters: 34, acc: 0.784977843799552 using: {'C': 4.41663847647726, 'gamma': 0.21656995653504474, 'kernel': 'rbf', 'type': 'svm'}
2019-02-01 00:07:19,966 - 005e82c6-f95e-4206-92f0-e67a5a7da183 - research_ml_email_mkt - bayes_optimization - INFO - iters: 35, acc: 0.7417690243542868 using: {'n_neighbors': 5, 'type': 'knn'}
2019-02-01 00:07:24,378 - 005e82c6-f95e-4206-92f0-e67a5a7da183 - research_ml_email_mkt - bayes_optimization - INFO - iters: 36, acc: 0.7890969549641978 using: {'class_weight': 'balanced', 'criterion': 'entropy', 'max_depth': 16, 'max_features': 4, 'n_estimators': 16, 'type': 'randomforest'}
2019-02-01 00:07:28,229 - 005e82c6-f95e-4206-92f0-e67a5a7da183 - research_ml_email_mkt - bayes_optimization - INFO - iters: 37, acc: 0.7590578514340169 using: {'class_weight': 'balanced', 'criterion': 'gini', 'max_depth': 13, 'max_features': 1, 'n_estimators': 10, 'type': 'randomforest'}
2019-02-01 00:19:31,886 - 005e82c6-f95e-4206-92f0-e67a5a7da183 - research_ml_email_mkt - bayes_optimization - INFO - iters: 38, acc: 0.7053544924735394 using: {'C': 4.161883599764374, 'gamma': 14.95271470451626, 'kernel': 'linear', 'type': 'svm'}
2019-02-01 00:19:32,307 - 005e82c6-f95e-4206-92f0-e67a5a7da183 - research_ml_email_mkt - bayes_optimization - INFO - iters: 39, acc: 0.7170558336630819 using: {'class_weight': 'balanced', 'criterion': 'gini', 'max_depth': 6, 'max_features': 2, 'n_estimators': 18, 'type': 'randomforest'}
2019-02-01 00:19:32,589 - 005e82c6-f95e-4206-92f0-e67a5a7da183 - research_ml_email_mkt - bayes_optimization - INFO - iters: 40, acc: 0.7306716693822942 using: {'n_neighbors': 18, 'type': 'knn'}
2019-02-01 00:19:32,689 - 005e82c6-f95e-4206-92f0-e67a5a7da183 - research_ml_email_mkt - bayes_optimization - INFO - iters: 41, acc: 0.7204396796097366 using: {'alpha': 1.892974624736802, 'type': 'naive_bayes'}
2019-02-01 00:19:32,892 - 005e82c6-f95e-4206-92f0-e67a5a7da183 - research_ml_email_mkt - bayes_optimization - INFO - iters: 42, acc: 0.7044381371579381 using: {'class_weight': 'balanced', 'criterion': 'gini', 'max_depth': 5, 'max_features': 1, 'n_estimators': 19, 'type': 'randomforest'}
2019-02-01 00:19:33,177 - 005e82c6-f95e-4206-92f0-e67a5a7da183 - research_ml_email_mkt - bayes_optimization - INFO - iters: 43, acc: 0.7295173404968106 using: {'n_neighbors': 19, 'type': 'knn'}
2019-02-01 00:19:33,286 - 005e82c6-f95e-4206-92f0-e67a5a7da183 - research_ml_email_mkt - bayes_optimization - INFO - iters: 44, acc: 0.6097539043559624 using: {'class_weight': 'balanced', 'criterion': 'entropy', 'max_depth': 8, 'max_features': 1, 'n_estimators': 1, 'type': 'randomforest'}
2019-02-01 00:19:33,420 - 005e82c6-f95e-4206-92f0-e67a5a7da183 - research_ml_email_mkt - bayes_optimization - INFO - iters: 45, acc: 0.7204396796097366 using: {'alpha': 1.9187004349284564, 'type': 'naive_bayes'}
2019-02-01 00:19:33,619 - 005e82c6-f95e-4206-92f0-e67a5a7da183 - research_ml_email_mkt - bayes_optimization - INFO - iters: 46, acc: 0.7619694815866183 using: {'class_weight': 'balanced', 'criterion': 'gini', 'max_depth': 19, 'max_features': 1, 'n_estimators': 3, 'type': 'randomforest'}
2019-02-01 00:19:33,867 - 005e82c6-f95e-4206-92f0-e67a5a7da183 - research_ml_email_mkt - bayes_optimization - INFO - iters: 47, acc: 0.7346593900584741 using: {'n_neighbors': 13, 'type': 'knn'}
2019-02-01 00:21:45,885 - 005e82c6-f95e-4206-92f0-e67a5a7da183 - research_ml_email_mkt - bayes_optimization - INFO - iters: 48, acc: 0.7505312332118118 using: {'C': 6.772688063607809, 'gamma': 1.888008220475042, 'kernel': 'rbf', 'type': 'svm'}
2019-02-01 00:21:49,792 - 005e82c6-f95e-4206-92f0-e67a5a7da183 - research_ml_email_mkt - bayes_optimization - INFO - new best:0.8048902747999697 using: randomforest
2019-02-01 00:21:49,792 - 005e82c6-f95e-4206-92f0-e67a5a7da183 - research_ml_email_mkt - bayes_optimization - INFO - iters: 49, acc: 0.8048902747999697 using: {'class_weight': 'balanced', 'criterion': 'gini', 'max_depth': 19, 'max_features': 4, 'n_estimators': 15, 'type': 'randomforest'}
2019-02-01 00:21:53,938 - 005e82c6-f95e-4206-92f0-e67a5a7da183 - research_ml_email_mkt - bayes_optimization - INFO - iters: 50, acc: 0.7204396796097366 using: {'alpha': 1.4614518154937755, 'type': 'naive_bayes'}
2019-02-01 00:21:57,896 - 005e82c6-f95e-4206-92f0-e67a5a7da183 - research_ml_email_mkt - bayes_optimization - INFO - iters: 51, acc: 0.7007632790878983 using: {'class_weight': 'balanced', 'criterion': 'gini', 'max_depth': 3, 'max_features': 4, 'n_estimators': 15, 'type': 'randomforest'}
2019-02-01 00:21:58,313 - 005e82c6-f95e-4206-92f0-e67a5a7da183 - research_ml_email_mkt - bayes_optimization - INFO - iters: 52, acc: 0.739906451271453 using: {'n_neighbors': 8, 'type': 'knn'}
2019-02-01 00:21:58,977 - 005e82c6-f95e-4206-92f0-e67a5a7da183 - research_ml_email_mkt - bayes_optimization - INFO - iters: 53, acc: 0.7597399521439563 using: {'class_weight': 'balanced', 'criterion': 'entropy', 'max_depth': 13, 'max_features': 4, 'n_estimators': 15, 'type': 'randomforest'}
2019-02-01 00:21:59,166 - 005e82c6-f95e-4206-92f0-e67a5a7da183 - research_ml_email_mkt - bayes_optimization - INFO - iters: 54, acc: 0.7204396796097366 using: {'alpha': 1.3079372601800094, 'type': 'naive_bayes'}
2019-02-01 00:32:05,845 - 005e82c6-f95e-4206-92f0-e67a5a7da183 - research_ml_email_mkt - bayes_optimization - INFO - iters: 55, acc: 0.7056693477398506 using: {'C': 2.4307822556566627, 'gamma': 14.324738275281666, 'kernel': 'linear', 'type': 'svm'}
2019-02-01 00:32:06,436 - 005e82c6-f95e-4206-92f0-e67a5a7da183 - research_ml_email_mkt - bayes_optimization - INFO - iters: 56, acc: 0.7683449801321206 using: {'class_weight': 'balanced', 'criterion': 'gini', 'max_depth': 14, 'max_features': 4, 'n_estimators': 15, 'type': 'randomforest'}
2019-02-01 00:32:06,930 - 005e82c6-f95e-4206-92f0-e67a5a7da183 - research_ml_email_mkt - bayes_optimization - INFO - iters: 57, acc: 0.8035521796654992 using: {'class_weight': 'balanced', 'criterion': 'gini', 'max_depth': 19, 'max_features': 4, 'n_estimators': 15, 'type': 'randomforest'}
2019-02-01 00:32:07,576 - 005e82c6-f95e-4206-92f0-e67a5a7da183 - research_ml_email_mkt - bayes_optimization - INFO - iters: 58, acc: 0.798410233327782 using: {'class_weight': 'balanced', 'criterion': 'entropy', 'max_depth': 18, 'max_features': 4, 'n_estimators': 15, 'type': 'randomforest'}
2019-02-01 00:32:07,678 - 005e82c6-f95e-4206-92f0-e67a5a7da183 - research_ml_email_mkt - bayes_optimization - INFO - iters: 59, acc: 0.7204396796097366 using: {'alpha': 0.9021048336072812, 'type': 'naive_bayes'}
2019-02-01 00:32:07,995 - 005e82c6-f95e-4206-92f0-e67a5a7da183 - research_ml_email_mkt - bayes_optimization - INFO - iters: 60, acc: 0.7272872762471203 using: {'n_neighbors': 24, 'type': 'knn'}
2019-02-01 00:32:08,441 - 005e82c6-f95e-4206-92f0-e67a5a7da183 - research_ml_email_mkt - bayes_optimization - INFO - iters: 61, acc: 0.7859749009488431 using: {'class_weight': 'balanced', 'criterion': 'gini', 'max_depth': 16, 'max_features': 4, 'n_estimators': 15, 'type': 'randomforest'}
2019-02-01 00:34:10,616 - 005e82c6-f95e-4206-92f0-e67a5a7da183 - research_ml_email_mkt - bayes_optimization - INFO - iters: 62, acc: 0.7365479992347054 using: {'C': 9.867865893607235, 'gamma': 4.580099412997015, 'kernel': 'rbf', 'type': 'svm'}
2019-02-01 00:34:14,365 - 005e82c6-f95e-4206-92f0-e67a5a7da183 - research_ml_email_mkt - bayes_optimization - INFO - iters: 63, acc: 0.7062197502214312 using: {'class_weight': 'balanced', 'criterion': 'entropy', 'max_depth': 4, 'max_features': 4, 'n_estimators': 16, 'type': 'randomforest'}
2019-02-01 00:34:18,253 - 005e82c6-f95e-4206-92f0-e67a5a7da183 - research_ml_email_mkt - bayes_optimization - INFO - iters: 64, acc: 0.7248997337470393 using: {'class_weight': 'balanced', 'criterion': 'gini', 'max_depth': 11, 'max_features': 4, 'n_estimators': 5, 'type': 'randomforest'}
2019-02-01 00:34:21,950 - 005e82c6-f95e-4206-92f0-e67a5a7da183 - research_ml_email_mkt - bayes_optimization - INFO - iters: 65, acc: 0.6225788901199342 using: {'class_weight': 'balanced', 'criterion': 'gini', 'max_depth': 1, 'max_features': 4, 'n_estimators': 2, 'type': 'randomforest'}
2019-02-01 00:34:22,283 - 005e82c6-f95e-4206-92f0-e67a5a7da183 - research_ml_email_mkt - bayes_optimization - INFO - iters: 66, acc: 0.7799670856178705 using: {'class_weight': 'balanced', 'criterion': 'gini', 'max_depth': 19, 'max_features': 3, 'n_estimators': 4, 'type': 'randomforest'}
2019-02-01 00:34:22,893 - 005e82c6-f95e-4206-92f0-e67a5a7da183 - research_ml_email_mkt - bayes_optimization - INFO - iters: 67, acc: 0.8009289247202641 using: {'class_weight': 'balanced', 'criterion': 'gini', 'max_depth': 19, 'max_features': 4, 'n_estimators': 14, 'type': 'randomforest'}
2019-02-01 00:34:23,377 - 005e82c6-f95e-4206-92f0-e67a5a7da183 - research_ml_email_mkt - bayes_optimization - INFO - iters: 68, acc: 0.7981740335506586 using: {'class_weight': 'balanced', 'criterion': 'gini', 'max_depth': 19, 'max_features': 3, 'n_estimators': 12, 'type': 'randomforest'}
2019-02-01 00:34:23,866 - 005e82c6-f95e-4206-92f0-e67a5a7da183 - research_ml_email_mkt - bayes_optimization - INFO - iters: 69, acc: 0.7760316497973512 using: {'class_weight': 'balanced', 'criterion': 'gini', 'max_depth': 15, 'max_features': 4, 'n_estimators': 13, 'type': 'randomforest'}
2019-02-01 00:34:24,262 - 005e82c6-f95e-4206-92f0-e67a5a7da183 - research_ml_email_mkt - bayes_optimization - INFO - iters: 70, acc: 0.7204394379931952 using: {'class_weight': 'balanced', 'criterion': 'gini', 'max_depth': 9, 'max_features': 2, 'n_estimators': 19, 'type': 'randomforest'}
2019-02-01 00:34:24,683 - 005e82c6-f95e-4206-92f0-e67a5a7da183 - research_ml_email_mkt - bayes_optimization - INFO - iters: 71, acc: 0.7925860851168357 using: {'class_weight': 'balanced', 'criterion': 'gini', 'max_depth': 19, 'max_features': 4, 'n_estimators': 7, 'type': 'randomforest'}
2019-02-01 00:34:24,960 - 005e82c6-f95e-4206-92f0-e67a5a7da183 - research_ml_email_mkt - bayes_optimization - INFO - iters: 72, acc: 0.7107323763408955 using: {'class_weight': 'balanced', 'criterion': 'gini', 'max_depth': 8, 'max_features': 3, 'n_estimators': 8, 'type': 'randomforest'}
2019-02-01 00:34:25,336 - 005e82c6-f95e-4206-92f0-e67a5a7da183 - research_ml_email_mkt - bayes_optimization - INFO - iters: 73, acc: 0.7115194390952538 using: {'class_weight': 'balanced', 'criterion': 'entropy', 'max_depth': 7, 'max_features': 4, 'n_estimators': 11, 'type': 'randomforest'}
2019-02-01 00:44:55,599 - 005e82c6-f95e-4206-92f0-e67a5a7da183 - research_ml_email_mkt - bayes_optimization - INFO - iters: 74, acc: 0.7054856434509739 using: {'C': 6.8865542190625995, 'gamma': 12.489566661711137, 'kernel': 'linear', 'type': 'svm'}
2019-02-01 00:44:55,830 - 005e82c6-f95e-4206-92f0-e67a5a7da183 - research_ml_email_mkt - bayes_optimization - INFO - iters: 75, acc: 0.6448587394154001 using: {'class_weight': 'balanced', 'criterion': 'gini', 'max_depth': 2, 'max_features': 2, 'n_estimators': 3, 'type': 'randomforest'}
2019-02-01 00:44:55,952 - 005e82c6-f95e-4206-92f0-e67a5a7da183 - research_ml_email_mkt - bayes_optimization - INFO - iters: 76, acc: 0.7204396796097366 using: {'alpha': 1.524017116067566, 'type': 'naive_bayes'}
2019-02-01 00:44:56,178 - 005e82c6-f95e-4206-92f0-e67a5a7da183 - research_ml_email_mkt - bayes_optimization - INFO - iters: 77, acc: 0.7178687776944193 using: {'n_neighbors': 1, 'type': 'knn'}
2019-02-01 00:44:56,347 - 005e82c6-f95e-4206-92f0-e67a5a7da183 - research_ml_email_mkt - bayes_optimization - INFO - iters: 78, acc: 0.6992416985241627 using: {'class_weight': 'balanced', 'criterion': 'gini', 'max_depth': 6, 'max_features': 4, 'n_estimators': 6, 'type': 'randomforest'}
2019-02-01 00:44:56,588 - 005e82c6-f95e-4206-92f0-e67a5a7da183 - research_ml_email_mkt - bayes_optimization - INFO - iters: 79, acc: 0.7411654696632642 using: {'class_weight': 'balanced', 'criterion': 'gini', 'max_depth': 12, 'max_features': 3, 'n_estimators': 9, 'type': 'randomforest'}
2019-02-01 00:44:57,158 - 005e82c6-f95e-4206-92f0-e67a5a7da183 - research_ml_email_mkt - bayes_optimization - INFO - iters: 80, acc: 0.8036836713416319 using: {'class_weight': 'balanced', 'criterion': 'gini', 'max_depth': 19, 'max_features': 4, 'n_estimators': 17, 'type': 'randomforest'}
2019-02-01 00:55:05,266 - 005e82c6-f95e-4206-92f0-e67a5a7da183 - research_ml_email_mkt - bayes_optimization - INFO - iters: 81, acc: 0.7055381533998949 using: {'C': 2.2690416277705445, 'gamma': 17.756019640336596, 'kernel': 'linear', 'type': 'svm'}
2019-02-01 00:55:05,868 - 005e82c6-f95e-4206-92f0-e67a5a7da183 - research_ml_email_mkt - bayes_optimization - INFO - iters: 82, acc: 0.7268145958321989 using: {'class_weight': 'balanced', 'criterion': 'gini', 'max_depth': 10, 'max_features': 4, 'n_estimators': 17, 'type': 'randomforest'}
2019-02-01 00:55:06,198 - 005e82c6-f95e-4206-92f0-e67a5a7da183 - research_ml_email_mkt - bayes_optimization - INFO - iters: 83, acc: 0.7249785709708667 using: {'n_neighbors': 27, 'type': 'knn'}
2019-02-01 00:55:06,294 - 005e82c6-f95e-4206-92f0-e67a5a7da183 - research_ml_email_mkt - bayes_optimization - INFO - iters: 84, acc: 0.7204396796097366 using: {'alpha': 0.027149946727603513, 'type': 'naive_bayes'}
2019-02-01 00:55:06,939 - 005e82c6-f95e-4206-92f0-e67a5a7da183 - research_ml_email_mkt - bayes_optimization - INFO - iters: 85, acc: 0.7932419948672306 using: {'class_weight': 'balanced', 'criterion': 'gini', 'max_depth': 17, 'max_features': 4, 'n_estimators': 17, 'type': 'randomforest'}
2019-02-01 00:55:07,202 - 005e82c6-f95e-4206-92f0-e67a5a7da183 - research_ml_email_mkt - bayes_optimization - INFO - iters: 86, acc: 0.6885652882640746 using: {'class_weight': 'balanced', 'criterion': 'entropy', 'max_depth': 3, 'max_features': 4, 'n_estimators': 17, 'type': 'randomforest'}
2019-02-01 00:55:07,511 - 005e82c6-f95e-4206-92f0-e67a5a7da183 - research_ml_email_mkt - bayes_optimization - INFO - iters: 87, acc: 0.7058274268640666 using: {'class_weight': 'balanced', 'criterion': 'gini', 'max_depth': 5, 'max_features': 4, 'n_estimators': 18, 'type': 'randomforest'}
2019-02-01 00:57:14,061 - 005e82c6-f95e-4206-92f0-e67a5a7da183 - research_ml_email_mkt - bayes_optimization - INFO - iters: 88, acc: 0.7273657500153198 using: {'C': 2.3963257520945014, 'gamma': 11.350687921361596, 'kernel': 'rbf', 'type': 'svm'}
2019-02-01 00:57:17,499 - 005e82c6-f95e-4206-92f0-e67a5a7da183 - research_ml_email_mkt - bayes_optimization - INFO - iters: 89, acc: 0.7204396796097366 using: {'alpha': 1.1458943694726762, 'type': 'naive_bayes'}
2019-02-01 00:57:21,402 - 005e82c6-f95e-4206-92f0-e67a5a7da183 - research_ml_email_mkt - bayes_optimization - INFO - iters: 90, acc: 0.72754959471747 using: {'n_neighbors': 23, 'type': 'knn'}
2019-02-01 00:57:25,518 - 005e82c6-f95e-4206-92f0-e67a5a7da183 - research_ml_email_mkt - bayes_optimization - INFO - iters: 91, acc: 0.7979118802809415 using: {'class_weight': 'balanced', 'criterion': 'gini', 'max_depth': 19, 'max_features': 4, 'n_estimators': 10, 'type': 'randomforest'}
2019-02-01 00:57:25,710 - 005e82c6-f95e-4206-92f0-e67a5a7da183 - research_ml_email_mkt - bayes_optimization - INFO - iters: 92, acc: 0.7030459854210785 using: {'class_weight': 'balanced', 'criterion': 'gini', 'max_depth': 18, 'max_features': 4, 'n_estimators': 1, 'type': 'randomforest'}
2019-02-01 00:57:26,117 - 005e82c6-f95e-4206-92f0-e67a5a7da183 - research_ml_email_mkt - bayes_optimization - INFO - iters: 93, acc: 0.7026257901891705 using: {'class_weight': 'balanced', 'criterion': 'gini', 'max_depth': 4, 'max_features': 2, 'n_estimators': 15, 'type': 'randomforest'}
2019-02-01 01:07:55,742 - 005e82c6-f95e-4206-92f0-e67a5a7da183 - research_ml_email_mkt - bayes_optimization - INFO - iters: 94, acc: 0.7057742581966734 using: {'C': 6.120066820723482, 'gamma': 3.8107859161986593, 'kernel': 'linear', 'type': 'svm'}
2019-02-01 01:07:56,095 - 005e82c6-f95e-4206-92f0-e67a5a7da183 - research_ml_email_mkt - bayes_optimization - INFO - iters: 95, acc: 0.6868069236292257 using: {'class_weight': 'balanced', 'criterion': 'gini', 'max_depth': 11, 'max_features': 4, 'n_estimators': 2, 'type': 'randomforest'}
2019-02-01 01:07:56,235 - 005e82c6-f95e-4206-92f0-e67a5a7da183 - research_ml_email_mkt - bayes_optimization - INFO - iters: 96, acc: 0.7204396796097366 using: {'alpha': 1.7150163206901292, 'type': 'naive_bayes'}
2019-02-01 01:07:56,478 - 005e82c6-f95e-4206-92f0-e67a5a7da183 - research_ml_email_mkt - bayes_optimization - INFO - iters: 97, acc: 0.7387258033936673 using: {'n_neighbors': 9, 'type': 'knn'}
2019-02-01 01:07:56,808 - 005e82c6-f95e-4206-92f0-e67a5a7da183 - research_ml_email_mkt - bayes_optimization - INFO - iters: 98, acc: 0.7859223951407369 using: {'class_weight': 'balanced', 'criterion': 'entropy', 'max_depth': 19, 'max_features': 4, 'n_estimators': 5, 'type': 'randomforest'}
2019-02-01 01:07:57,003 - 005e82c6-f95e-4206-92f0-e67a5a7da183 - research_ml_email_mkt - bayes_optimization - INFO - iters: 99, acc: 0.7532331973198397 using: {'class_weight': 'balanced', 'criterion': 'gini', 'max_depth': 15, 'max_features': 3, 'n_estimators': 4, 'type': 'randomforest'}
2019-02-01 01:07:57,524 - 005e82c6-f95e-4206-92f0-e67a5a7da183 - research_ml_email_mkt - bayes_optimization - INFO - iters: 100, acc: 0.7665345370475761 using: {'class_weight': 'balanced', 'criterion': 'gini', 'max_depth': 14, 'max_features': 4, 'n_estimators': 15, 'type': 'randomforest'}
2019-02-01 01:07:57,926 - 005e82c6-f95e-4206-92f0-e67a5a7da183 - research_ml_email_mkt - bayes_optimization - INFO - new best:0.805756104564693 using: randomforest
2019-02-01 01:07:57,926 - 005e82c6-f95e-4206-92f0-e67a5a7da183 - research_ml_email_mkt - bayes_optimization - INFO - iters: 101, acc: 0.805756104564693 using: {'class_weight': 'balanced', 'criterion': 'gini', 'max_depth': 19, 'max_features': 2, 'n_estimators': 17, 'type': 'randomforest'}
2019-02-01 01:10:08,153 - 005e82c6-f95e-4206-92f0-e67a5a7da183 - research_ml_email_mkt - bayes_optimization - INFO - iters: 102, acc: 0.7242438157588934 using: {'C': 7.909554899428786, 'gamma': 16.13720497889831, 'kernel': 'rbf', 'type': 'svm'}
2019-02-01 01:10:11,440 - 005e82c6-f95e-4206-92f0-e67a5a7da183 - research_ml_email_mkt - bayes_optimization - INFO - iters: 103, acc: 0.7204396796097366 using: {'alpha': 0.6897842891491412, 'type': 'naive_bayes'}
2019-02-01 01:10:15,390 - 005e82c6-f95e-4206-92f0-e67a5a7da183 - research_ml_email_mkt - bayes_optimization - INFO - iters: 104, acc: 0.7261066655313596 using: {'n_neighbors': 25, 'type': 'knn'}
2019-02-01 01:10:19,369 - 005e82c6-f95e-4206-92f0-e67a5a7da183 - research_ml_email_mkt - bayes_optimization - INFO - iters: 105, acc: 0.7531025357048039 using: {'class_weight': 'balanced', 'criterion': 'gini', 'max_depth': 12, 'max_features': 2, 'n_estimators': 17, 'type': 'randomforest'}
2019-02-01 01:10:19,819 - 005e82c6-f95e-4206-92f0-e67a5a7da183 - research_ml_email_mkt - bayes_optimization - INFO - iters: 106, acc: 0.7196003608596363 using: {'class_weight': 'balanced', 'criterion': 'entropy', 'max_depth': 7, 'max_features': 2, 'n_estimators': 17, 'type': 'randomforest'}
2019-02-01 01:10:20,330 - 005e82c6-f95e-4206-92f0-e67a5a7da183 - research_ml_email_mkt - bayes_optimization - INFO - iters: 107, acc: 0.7311173101195063 using: {'class_weight': 'balanced', 'criterion': 'gini', 'max_depth': 10, 'max_features': 2, 'n_estimators': 17, 'type': 'randomforest'}
2019-02-01 01:10:20,629 - 005e82c6-f95e-4206-92f0-e67a5a7da183 - research_ml_email_mkt - bayes_optimization - INFO - iters: 108, acc: 0.6297729038659641 using: {'class_weight': 'balanced', 'criterion': 'gini', 'max_depth': 2, 'max_features': 2, 'n_estimators': 12, 'type': 'randomforest'}
2019-02-01 01:20:11,752 - 005e82c6-f95e-4206-92f0-e67a5a7da183 - research_ml_email_mkt - bayes_optimization - INFO - iters: 109, acc: 0.7058529240047458 using: {'C': 5.405682119626496, 'gamma': 7.8693401592824355, 'kernel': 'linear', 'type': 'svm'}
2019-02-01 01:20:12,042 - 005e82c6-f95e-4206-92f0-e67a5a7da183 - research_ml_email_mkt - bayes_optimization - INFO - iters: 110, acc: 0.7204396796097366 using: {'alpha': 1.117478986636967, 'type': 'naive_bayes'}
2019-02-01 01:20:12,242 - 005e82c6-f95e-4206-92f0-e67a5a7da183 - research_ml_email_mkt - bayes_optimization - INFO - iters: 111, acc: 0.7153238891126441 using: {'class_weight': 'balanced', 'criterion': 'gini', 'max_depth': 9, 'max_features': 2, 'n_estimators': 7, 'type': 'randomforest'}
2019-02-01 01:20:12,490 - 005e82c6-f95e-4206-92f0-e67a5a7da183 - research_ml_email_mkt - bayes_optimization - INFO - iters: 112, acc: 0.7375453145033423 using: {'n_neighbors': 10, 'type': 'knn'}
2019-02-01 01:20:12,830 - 005e82c6-f95e-4206-92f0-e67a5a7da183 - research_ml_email_mkt - bayes_optimization - INFO - iters: 113, acc: 0.7976232944292884 using: {'class_weight': 'balanced', 'criterion': 'entropy', 'max_depth': 19, 'max_features': 2, 'n_estimators': 9, 'type': 'randomforest'}
2019-02-01 01:20:13,217 - 005e82c6-f95e-4206-92f0-e67a5a7da183 - research_ml_email_mkt - bayes_optimization - INFO - iters: 114, acc: 0.7577987256462423 using: {'class_weight': 'balanced', 'criterion': 'gini', 'max_depth': 13, 'max_features': 2, 'n_estimators': 16, 'type': 'randomforest'}
2019-02-01 01:20:13,393 - 005e82c6-f95e-4206-92f0-e67a5a7da183 - research_ml_email_mkt - bayes_optimization - INFO - iters: 115, acc: 0.6962768109730736 using: {'class_weight': 'balanced', 'criterion': 'gini', 'max_depth': 6, 'max_features': 2, 'n_estimators': 8, 'type': 'randomforest'}
2019-02-01 01:21:48,471 - 005e82c6-f95e-4206-92f0-e67a5a7da183 - research_ml_email_mkt - bayes_optimization - INFO - iters: 116, acc: 0.725975306000522 using: {'C': 1.3671128276167117, 'gamma': 10.092834083045037, 'kernel': 'rbf', 'type': 'svm'}
2019-02-01 01:21:52,513 - 005e82c6-f95e-4206-92f0-e67a5a7da183 - research_ml_email_mkt - bayes_optimization - INFO - iters: 117, acc: 0.785843979157705 using: {'class_weight': 'balanced', 'criterion': 'gini', 'max_depth': 16, 'max_features': 3, 'n_estimators': 13, 'type': 'randomforest'}
2019-02-01 01:21:56,495 - 005e82c6-f95e-4206-92f0-e67a5a7da183 - research_ml_email_mkt - bayes_optimization - INFO - iters: 118, acc: 0.7465700627973134 using: {'n_neighbors': 4, 'type': 'knn'}
2019-02-01 01:21:59,823 - 005e82c6-f95e-4206-92f0-e67a5a7da183 - research_ml_email_mkt - bayes_optimization - INFO - iters: 119, acc: 0.7204396796097366 using: {'alpha': 0.682284550987394, 'type': 'naive_bayes'}
2019-02-01 01:22:00,259 - 005e82c6-f95e-4206-92f0-e67a5a7da183 - research_ml_email_mkt - bayes_optimization - INFO - iters: 120, acc: 0.8042344063377884 using: {'class_weight': 'balanced', 'criterion': 'gini', 'max_depth': 19, 'max_features': 1, 'n_estimators': 17, 'type': 'randomforest'}
2019-02-01 01:22:00,466 - 005e82c6-f95e-4206-92f0-e67a5a7da183 - research_ml_email_mkt - bayes_optimization - INFO - iters: 121, acc: 0.6145829880280601 using: {'class_weight': 'balanced', 'criterion': 'entropy', 'max_depth': 1, 'max_features': 1, 'n_estimators': 14, 'type': 'randomforest'}
2019-02-01 01:22:00,754 - 005e82c6-f95e-4206-92f0-e67a5a7da183 - research_ml_email_mkt - bayes_optimization - INFO - iters: 122, acc: 0.7054591241898239 using: {'class_weight': 'balanced', 'criterion': 'gini', 'max_depth': 5, 'max_features': 1, 'n_estimators': 19, 'type': 'randomforest'}
2019-02-01 01:22:01,098 - 005e82c6-f95e-4206-92f0-e67a5a7da183 - research_ml_email_mkt - bayes_optimization - INFO - iters: 123, acc: 0.791038169071645 using: {'class_weight': 'balanced', 'criterion': 'gini', 'max_depth': 17, 'max_features': 1, 'n_estimators': 10, 'type': 'randomforest'}
2019-02-01 01:33:40,137 - 005e82c6-f95e-4206-92f0-e67a5a7da183 - research_ml_email_mkt - bayes_optimization - INFO - iters: 124, acc: 0.7057218205189462 using: {'C': 3.4228452625120864, 'gamma': 0.3685181223701903, 'kernel': 'linear', 'type': 'svm'}
2019-02-01 01:33:40,397 - 005e82c6-f95e-4206-92f0-e67a5a7da183 - research_ml_email_mkt - bayes_optimization - INFO - iters: 125, acc: 0.7204396796097366 using: {'alpha': 0.15033311623322432, 'type': 'naive_bayes'}
2019-02-01 01:33:40,702 - 005e82c6-f95e-4206-92f0-e67a5a7da183 - research_ml_email_mkt - bayes_optimization - INFO - iters: 126, acc: 0.7305141849694351 using: {'n_neighbors': 20, 'type': 'knn'}
2019-02-01 01:33:40,833 - 005e82c6-f95e-4206-92f0-e67a5a7da183 - research_ml_email_mkt - bayes_optimization - INFO - iters: 127, acc: 0.6939411568479148 using: {'class_weight': 'balanced', 'criterion': 'gini', 'max_depth': 8, 'max_features': 1, 'n_estimators': 3, 'type': 'randomforest'}
2019-02-01 01:33:40,964 - 005e82c6-f95e-4206-92f0-e67a5a7da183 - research_ml_email_mkt - bayes_optimization - INFO - iters: 128, acc: 0.6621416466157082 using: {'class_weight': 'balanced', 'criterion': 'gini', 'max_depth': 3, 'max_features': 1, 'n_estimators': 6, 'type': 'randomforest'}
2019-02-01 01:33:41,074 - 005e82c6-f95e-4206-92f0-e67a5a7da183 - research_ml_email_mkt - bayes_optimization - INFO - iters: 129, acc: 0.7067982992650355 using: {'class_weight': 'balanced', 'criterion': 'gini', 'max_depth': 19, 'max_features': 1, 'n_estimators': 1, 'type': 'randomforest'}
2019-02-01 01:33:41,558 - 005e82c6-f95e-4206-92f0-e67a5a7da183 - research_ml_email_mkt - bayes_optimization - INFO - iters: 130, acc: 0.802765253138746 using: {'class_weight': 'balanced', 'criterion': 'entropy', 'max_depth': 18, 'max_features': 1, 'n_estimators': 18, 'type': 'randomforest'}
2019-02-01 01:35:46,596 - 005e82c6-f95e-4206-92f0-e67a5a7da183 - research_ml_email_mkt - bayes_optimization - INFO - iters: 131, acc: 0.7387779561098835 using: {'C': 9.856594061186328, 'gamma': 3.9436689374516654, 'kernel': 'rbf', 'type': 'svm'}
2019-02-01 01:35:49,943 - 005e82c6-f95e-4206-92f0-e67a5a7da183 - research_ml_email_mkt - bayes_optimization - INFO - iters: 132, acc: 0.7204396796097366 using: {'alpha': 1.9880693569279921, 'type': 'naive_bayes'}
2019-02-01 01:35:54,086 - 005e82c6-f95e-4206-92f0-e67a5a7da183 - research_ml_email_mkt - bayes_optimization - INFO - iters: 133, acc: 0.7320621732848444 using: {'n_neighbors': 17, 'type': 'knn'}
2019-02-01 01:35:57,945 - 005e82c6-f95e-4206-92f0-e67a5a7da183 - research_ml_email_mkt - bayes_optimization - INFO - iters: 134, acc: 0.6625390350089142 using: {'class_weight': 'balanced', 'criterion': 'gini', 'max_depth': 4, 'max_features': 1, 'n_estimators': 5, 'type': 'randomforest'}
2019-02-01 01:35:58,341 - 005e82c6-f95e-4206-92f0-e67a5a7da183 - research_ml_email_mkt - bayes_optimization - INFO - iters: 135, acc: 0.7689225317285294 using: {'class_weight': 'balanced', 'criterion': 'gini', 'max_depth': 14, 'max_features': 2, 'n_estimators': 11, 'type': 'randomforest'}
2019-02-01 01:35:58,649 - 005e82c6-f95e-4206-92f0-e67a5a7da183 - research_ml_email_mkt - bayes_optimization - INFO - iters: 136, acc: 0.7667183239626086 using: {'class_weight': 'balanced', 'criterion': 'gini', 'max_depth': 19, 'max_features': 3, 'n_estimators': 2, 'type': 'randomforest'}
2019-02-01 01:35:59,099 - 005e82c6-f95e-4206-92f0-e67a5a7da183 - research_ml_email_mkt - bayes_optimization - INFO - iters: 137, acc: 0.7861323915621986 using: {'class_weight': 'balanced', 'criterion': 'gini', 'max_depth': 15, 'max_features': 1, 'n_estimators': 17, 'type': 'randomforest'}
2019-02-01 01:42:09,250 - 005e82c6-f95e-4206-92f0-e67a5a7da183 - research_ml_email_mkt - bayes_optimization - INFO - iters: 138, acc: 0.7339245254171828 using: {'C': 3.616642272537763, 'gamma': 5.727365390423215, 'kernel': 'rbf', 'type': 'svm'}
2019-02-01 01:42:09,527 - 005e82c6-f95e-4206-92f0-e67a5a7da183 - research_ml_email_mkt - bayes_optimization - INFO - iters: 139, acc: 0.7204396796097366 using: {'alpha': 1.6885756706162494, 'type': 'naive_bayes'}
2019-02-01 01:42:09,808 - 005e82c6-f95e-4206-92f0-e67a5a7da183 - research_ml_email_mkt - bayes_optimization - INFO - iters: 140, acc: 0.752236772025404 using: {'n_neighbors': 2, 'type': 'knn'}
2019-02-01 01:42:10,001 - 005e82c6-f95e-4206-92f0-e67a5a7da183 - research_ml_email_mkt - bayes_optimization - INFO - iters: 141, acc: 0.7240860257340782 using: {'class_weight': 'balanced', 'criterion': 'entropy', 'max_depth': 11, 'max_features': 2, 'n_estimators': 4, 'type': 'randomforest'}
2019-02-01 01:42:10,285 - 005e82c6-f95e-4206-92f0-e67a5a7da183 - research_ml_email_mkt - bayes_optimization - INFO - iters: 142, acc: 0.8025813423785747 using: {'class_weight': 'balanced', 'criterion': 'gini', 'max_depth': 19, 'max_features': 1, 'n_estimators': 12, 'type': 'randomforest'}
2019-02-01 01:42:10,502 - 005e82c6-f95e-4206-92f0-e67a5a7da183 - research_ml_email_mkt - bayes_optimization - INFO - iters: 143, acc: 0.7455991883278875 using: {'class_weight': 'balanced', 'criterion': 'gini', 'max_depth': 13, 'max_features': 3, 'n_estimators': 7, 'type': 'randomforest'}
2019-02-01 01:42:10,844 - 005e82c6-f95e-4206-92f0-e67a5a7da183 - research_ml_email_mkt - bayes_optimization - INFO - iters: 144, acc: 0.787102807595652 using: {'class_weight': 'balanced', 'criterion': 'gini', 'max_depth': 16, 'max_features': 2, 'n_estimators': 16, 'type': 'randomforest'}
2019-02-01 01:54:18,489 - 005e82c6-f95e-4206-92f0-e67a5a7da183 - research_ml_email_mkt - bayes_optimization - INFO - iters: 145, acc: 0.7053807453824678 using: {'C': 5.465141599623263, 'gamma': 12.9871658440618, 'kernel': 'linear', 'type': 'svm'}
2019-02-01 01:54:19,210 - 005e82c6-f95e-4206-92f0-e67a5a7da183 - research_ml_email_mkt - bayes_optimization - INFO - iters: 146, acc: 0.8042868109718788 using: {'class_weight': 'balanced', 'criterion': 'gini', 'max_depth': 19, 'max_features': 4, 'n_estimators': 17, 'type': 'randomforest'}
2019-02-01 01:54:19,764 - 005e82c6-f95e-4206-92f0-e67a5a7da183 - research_ml_email_mkt - bayes_optimization - INFO - iters: 147, acc: 0.8036046999303794 using: {'class_weight': 'balanced', 'criterion': 'gini', 'max_depth': 19, 'max_features': 4, 'n_estimators': 17, 'type': 'randomforest'}
2019-02-01 01:54:20,327 - 005e82c6-f95e-4206-92f0-e67a5a7da183 - research_ml_email_mkt - bayes_optimization - INFO - iters: 148, acc: 0.8054412575712355 using: {'class_weight': 'balanced', 'criterion': 'gini', 'max_depth': 19, 'max_features': 4, 'n_estimators': 17, 'type': 'randomforest'}
2019-02-01 01:54:20,866 - 005e82c6-f95e-4206-92f0-e67a5a7da183 - research_ml_email_mkt - bayes_optimization - INFO - iters: 149, acc: 0.8033162503794621 using: {'class_weight': 'balanced', 'criterion': 'gini', 'max_depth': 19, 'max_features': 4, 'n_estimators': 17, 'type': 'randomforest'}
2019-02-01 01:54:21,241 - 005e82c6-f95e-4206-92f0-e67a5a7da183 - research_ml_email_mkt - bayes_optimization - INFO - iters: 150, acc: 0.7218038066928892 using: {'class_weight': 'balanced', 'criterion': 'gini', 'max_depth': 9, 'max_features': 4, 'n_estimators': 17, 'type': 'randomforest'}
2019-02-01 01:54:21,241 - 005e82c6-f95e-4206-92f0-e67a5a7da183 - research_ml_email_mkt - bayes_optimization - INFO - best: {'classifier_type': 2, 'criterion': 0, 'max_depth': 18, 'max_features': 1, 'n_estimators': 16}
